[21:08:27] Parent process died (PPID 1) - running cleanup...
[21:08:27] Received shutdown signal - saving final changes...
[21:08:28] Shutdown complete.
[17:09:40] Parent process died (PPID 1) - running cleanup...
[17:09:40] Received shutdown signal - saving final changes...
The following paths are ignored by one of your .gitignore files:
.tenet/journal
hint: Use -f if you really want to add them.
hint: Disable this message with "git config set advice.addIgnoredFile false"
[session-christian-krohg-20260525-1708-3fe51a 2da5e74] auto: auto-save (.tenet/config.json)
 1 file changed, 3 insertions(+), 2 deletions(-)
[17:12:14] Push failed after 2 attempts - will retry next cycle
[17:12:14] Committed: auto: auto-save (.tenet/config.json)
[17:12:14] Shutdown complete.
[13:04:26] Parent process died (PPID 1) - running cleanup...
[13:04:26] Received shutdown signal - saving final changes...
[13:04:26] Shutdown complete.
[16:57:03] Parent process died (PPID 1) - running cleanup...
[16:57:03] Received shutdown signal - saving final changes...
[16:57:03] Shutdown complete.
[00:24:42] Parent process died (PPID 1) - running cleanup...
[00:24:42] Received shutdown signal - saving final changes...
The following paths are ignored by one of your .gitignore files:
.tenet/journal
hint: Use -f if you really want to add them.
hint: Disable this message with "git config set advice.addIgnoredFile false"
[session-christian-krohg-20260531-0024-f0774b 9322d2c] auto: auto-save (9 files including knowledge/CUSTOM_CSS_INJECTION_FOR_ELEMENTOR.md,knowledge/EFFECT_RECOGNITION_AND_DETECTION.md,knowledge/ELEMENTOR_PRO_MOTION_EFFECTS.md,knowledge/GENAI_WEB_BUILDERS_LATE_2026.md,knowledge/MOTION_DESIGN_PATTERNS_2026.md...)
 9 files changed, 9848 insertions(+)
 create mode 100644 knowledge/CUSTOM_CSS_INJECTION_FOR_ELEMENTOR.md
 create mode 100644 knowledge/EFFECT_RECOGNITION_AND_DETECTION.md
 create mode 100644 knowledge/ELEMENTOR_PRO_MOTION_EFFECTS.md
 create mode 100644 knowledge/GENAI_WEB_BUILDERS_LATE_2026.md
 create mode 100644 knowledge/MOTION_DESIGN_PATTERNS_2026.md
 create mode 100644 knowledge/MOTION_PLAYBOOK.md
 create mode 100644 knowledge/PLAYWRIGHT_DOM_EXTRACTION_DESIGN.md
 create mode 100644 knowledge/REAL_ELEMENTOR_DATA_ACQUISITION.md
 create mode 100644 knowledge/THIRD_PARTY_MOTION_LIBRARIES.md
[00:24:43] Committed: auto: auto-save (9 files including knowledge/CUSTOM_CSS_INJECTION_FOR_ELEMENTOR.md,knowledge/EFFECT_RECOGNITION_AND_DETECTION.md,knowledge/ELEMENTOR_PRO_MOTION_EFFECTS.md,knowledge/GENAI_WEB_BUILDERS_LATE_2026.md,knowledge/MOTION_DESIGN_PATTERNS_2026.md...)
[00:24:43] Shutdown complete.
